# JRE version: OpenJDK Runtime Environment Temurin-21.0.8+9 (21.0.8+9) (build 21.0.8+9-LTS)
# Java VM: OpenJDK 64-Bit Server VM Temurin-21.0.8+9 (21.0.8+9-LTS, mixed mode, sharing, tiered, compressed oops, compressed class ptrs, parallel gc, windows-amd64)
GC Precious Log:
 CardTable entry size: 512
 CPUs: 12 total, 12 available
 Memory: 15740M
 Large Page Support: Disabled
 NUMA Support: Disabled
 Compressed Oops: Enabled (32-bit)
 Alignments: Space 512K, Generation 512K, Heap 2M
 Heap Min Capacity: 100M
 Heap Initial Capacity: 100M
 Heap Max Capacity: 2G
 Pre-touch: Disabled
 Parallel Workers: 10
Heap:
 PSYoungGen      total 6144K, used 1138K [0x00000000d5580000, 0x00000000d5e80000, 0x0000000100000000)
  eden space 5120K, 10% used [0x00000000d5580000,0x00000000d56007c0,0x00000000d5a80000)
  from space 1024K, 60% used [0x00000000d5a80000,0x00000000d5b1c050,0x00000000d5b80000)
  to   space 2048K, 0% used [0x00000000d5c80000,0x00000000d5c80000,0x00000000d5e80000)
 ParOldGen       total 1154560K, used 1154135K [0x0000000080000000, 0x00000000c6780000, 0x00000000d5580000)
  object space 1154560K, 99% used [0x0000000080000000,0x00000000c6715e10,0x00000000c6780000)
 Metaspace       used 102191K, committed 104000K, reserved 1179648K
  class space    used 10330K, committed 11200K, reserved 1048576K
GC Heap History (20 events):
Event: 18757.894 GC heap before
{Heap before GC invocations=3799 (full 10):
 PSYoungGen      total 8192K, used 7968K [0x00000000d5580000, 0x00000000d6100000, 0x0000000100000000)
  eden space 7168K, 100% used [0x00000000d5580000,0x00000000d5c80000,0x00000000d5c80000)
  from space 1024K, 78% used [0x00000000d5c80000,0x00000000d5d48000,0x00000000d5d80000)
  to   space 2048K, 0% used [0x00000000d5f00000,0x00000000d5f00000,0x00000000d6100000)
 ParOldGen       total 1148416K, used 1148390K [0x0000000080000000, 0x00000000c6180000, 0x00000000d5580000)
  object space 1148416K, 99% used [0x0000000080000000,0x00000000c61798a8,0x00000000c6180000)
 Metaspace       used 102078K, committed 103872K, reserved 1179648K
  class space    used 10314K, committed 11136K, reserved 1048576K
}
Event: 18757.896 GC heap after
{Heap after GC invocations=3799 (full 10):
 PSYoungGen      total 8192K, used 2027K [0x00000000d5580000, 0x00000000d6380000, 0x0000000100000000)
  eden space 6144K, 0% used [0x00000000d5580000,0x00000000d5580000,0x00000000d5b80000)
  from space 2048K, 99% used [0x00000000d5f00000,0x00000000d60faf90,0x00000000d6100000)
  to   space 3584K, 0% used [0x00000000d5b80000,0x00000000d5b80000,0x00000000d5f00000)
 ParOldGen       total 1149440K, used 1149323K [0x0000000080000000, 0x00000000c6280000, 0x00000000d5580000)
  object space 1149440K, 99% used [0x0000000080000000,0x00000000c6262dd8,0x00000000c6280000)
 Metaspace       used 102078K, committed 103872K, reserved 1179648K
  class space    used 10314K, committed 11136K, reserved 1048576K
}
Event: 18758.034 GC heap before
{Heap before GC invocations=3800 (full 10):
 PSYoungGen      total 8192K, used 8171K [0x00000000d5580000, 0x00000000d6380000, 0x0000000100000000)
  eden space 6144K, 100% used [0x00000000d5580000,0x00000000d5b80000,0x00000000d5b80000)
  from space 2048K, 99% used [0x00000000d5f00000,0x00000000d60faf90,0x00000000d6100000)
  to   space 3584K, 0% used [0x00000000d5b80000,0x00000000d5b80000,0x00000000d5f00000)
 ParOldGen       total 1149440K, used 1149323K [0x0000000080000000, 0x00000000c6280000, 0x00000000d5580000)
  object space 1149440K, 99% used [0x0000000080000000,0x00000000c6262dd8,0x00000000c6280000)
 Metaspace       used 102078K, committed 103872K, reserved 1179648K
  class space    used 10314K, committed 11136K, reserved 1048576K
}
Event: 18758.035 GC heap after
{Heap after GC invocations=3800 (full 10):
 PSYoungGen      total 7168K, used 736K [0x00000000d5580000, 0x00000000d5f80000, 0x0000000100000000)
  eden space 6144K, 0% used [0x00000000d5580000,0x00000000d5580000,0x00000000d5b80000)
  from space 1024K, 71% used [0x00000000d5b80000,0x00000000d5c38000,0x00000000d5c80000)
  to   space 2048K, 0% used [0x00000000d5d80000,0x00000000d5d80000,0x00000000d5f80000)
 ParOldGen       total 1149440K, used 1149363K [0x0000000080000000, 0x00000000c6280000, 0x00000000d5580000)
  object space 1149440K, 99% used [0x0000000080000000,0x00000000c626cdd8,0x00000000c6280000)
 Metaspace       used 102078K, committed 103872K, reserved 1179648K
  class space    used 10314K, committed 11136K, reserved 1048576K
}
Event: 18758.046 GC heap before
{Heap before GC invocations=3801 (full 10):
 PSYoungGen      total 7168K, used 6835K [0x00000000d5580000, 0x00000000d5f80000, 0x0000000100000000)
  eden space 6144K, 99% used [0x00000000d5580000,0x00000000d5b74f48,0x00000000d5b80000)
  from space 1024K, 71% used [0x00000000d5b80000,0x00000000d5c38000,0x00000000d5c80000)
  to   space 2048K, 0% used [0x00000000d5d80000,0x00000000d5d80000,0x00000000d5f80000)
 ParOldGen       total 1149440K, used 1149363K [0x0000000080000000, 0x00000000c6280000, 0x00000000d5580000)
  object space 1149440K, 99% used [0x0000000080000000,0x00000000c626cdd8,0x00000000c6280000)
 Metaspace       used 102078K, committed 103872K, reserved 1179648K
  class space    used 10314K, committed 11136K, reserved 1048576K
}
Event: 18758.049 GC heap after
{Heap after GC invocations=3801 (full 10):
 PSYoungGen      total 6656K, used 453K [0x00000000d5580000, 0x00000000d5e00000, 0x0000000100000000)
  eden space 6144K, 0% used [0x00000000d5580000,0x00000000d5580000,0x00000000d5b80000)
  from space 512K, 88% used [0x00000000d5d80000,0x00000000d5df17c8,0x00000000d5e00000)
  to   space 1024K, 0% used [0x00000000d5c00000,0x00000000d5c00000,0x00000000d5d00000)
 ParOldGen       total 1150464K, used 1150002K [0x0000000080000000, 0x00000000c6380000, 0x00000000d5580000)
  object space 1150464K, 99% used [0x0000000080000000,0x00000000c630ca70,0x00000000c6380000)
 Metaspace       used 102078K, committed 103872K, reserved 1179648K
  class space    used 10314K, committed 11136K, reserved 1048576K
}
Event: 18758.076 GC heap before
{Heap before GC invocations=3802 (full 10):
 PSYoungGen      total 6656K, used 6597K [0x00000000d5580000, 0x00000000d5e00000, 0x0000000100000000)
  eden space 6144K, 100% used [0x00000000d5580000,0x00000000d5b80000,0x00000000d5b80000)
  from space 512K, 88% used [0x00000000d5d80000,0x00000000d5df17c8,0x00000000d5e00000)
  to   space 1024K, 0% used [0x00000000d5c00000,0x00000000d5c00000,0x00000000d5d00000)
 ParOldGen       total 1150464K, used 1150002K [0x0000000080000000, 0x00000000c6380000, 0x00000000d5580000)
  object space 1150464K, 99% used [0x0000000080000000,0x00000000c630ca70,0x00000000c6380000)
 Metaspace       used 102078K, committed 103872K, reserved 1179648K
  class space    used 10314K, committed 11136K, reserved 1048576K
}
Event: 18758.077 GC heap after
{Heap after GC invocations=3802 (full 10):
 PSYoungGen      total 7168K, used 474K [0x00000000d5580000, 0x00000000d5e00000, 0x0000000100000000)
  eden space 6144K, 0% used [0x00000000d5580000,0x00000000d5580000,0x00000000d5b80000)
  from space 1024K, 46% used [0x00000000d5c00000,0x00000000d5c76900,0x00000000d5d00000)
  to   space 512K, 0% used [0x00000000d5d80000,0x00000000d5d80000,0x00000000d5e00000)
 ParOldGen       total 1150464K, used 1150191K [0x0000000080000000, 0x00000000c6380000, 0x00000000d5580000)
  object space 1150464K, 99% used [0x0000000080000000,0x00000000c633bfa0,0x00000000c6380000)
 Metaspace       used 102078K, committed 103872K, reserved 1179648K
  class space    used 10314K, committed 11136K, reserved 1048576K
}
Event: 18758.086 GC heap before
{Heap before GC invocations=3803 (full 10):
 PSYoungGen      total 7168K, used 6618K [0x00000000d5580000, 0x00000000d5e00000, 0x0000000100000000)
  eden space 6144K, 100% used [0x00000000d5580000,0x00000000d5b80000,0x00000000d5b80000)
  from space 1024K, 46% used [0x00000000d5c00000,0x00000000d5c76900,0x00000000d5d00000)
  to   space 512K, 0% used [0x00000000d5d80000,0x00000000d5d80000,0x00000000d5e00000)
 ParOldGen       total 1150464K, used 1150191K [0x0000000080000000, 0x00000000c6380000, 0x00000000d5580000)
  object space 1150464K, 99% used [0x0000000080000000,0x00000000c633bfa0,0x00000000c6380000)
 Metaspace       used 102078K, committed 103872K, reserved 1179648K
  class space    used 10314K, committed 11136K, reserved 1048576K
}
Event: 18758.089 GC heap after
{Heap after GC invocations=3803 (full 10):
 PSYoungGen      total 5632K, used 491K [0x00000000d5580000, 0x00000000d6180000, 0x0000000100000000)
  eden space 5120K, 0% used [0x00000000d5580000,0x00000000d5580000,0x00000000d5a80000)
  from space 512K, 96% used [0x00000000d5d80000,0x00000000d5dfaf90,0x00000000d5e00000)
  to   space 3072K, 0% used [0x00000000d5a80000,0x00000000d5a80000,0x00000000d5d80000)
 ParOldGen       total 1152512K, used 1152191K [0x0000000080000000, 0x00000000c6580000, 0x00000000d5580000)
  object space 1152512K, 99% used [0x0000000080000000,0x00000000c652fc38,0x00000000c6580000)
 Metaspace       used 102078K, committed 103872K, reserved 1179648K
  class space    used 10314K, committed 11136K, reserved 1048576K
}
Event: 18758.096 GC heap before
{Heap before GC invocations=3804 (full 10):
 PSYoungGen      total 5632K, used 5611K [0x00000000d5580000, 0x00000000d6180000, 0x0000000100000000)
  eden space 5120K, 100% used [0x00000000d5580000,0x00000000d5a80000,0x00000000d5a80000)
  from space 512K, 96% used [0x00000000d5d80000,0x00000000d5dfaf90,0x00000000d5e00000)
  to   space 3072K, 0% used [0x00000000d5a80000,0x00000000d5a80000,0x00000000d5d80000)
 ParOldGen       total 1152512K, used 1152191K [0x0000000080000000, 0x00000000c6580000, 0x00000000d5580000)
  object space 1152512K, 99% used [0x0000000080000000,0x00000000c652fc38,0x00000000c6580000)
 Metaspace       used 102078K, committed 103872K, reserved 1179648K
  class space    used 10314K, committed 11136K, reserved 1048576K
}
Event: 18758.098 GC heap after
{Heap after GC invocations=3804 (full 10):
 PSYoungGen      total 7680K, used 2251K [0x00000000d5580000, 0x00000000d5f80000, 0x0000000100000000)
  eden space 5120K, 0% used [0x00000000d5580000,0x00000000d5580000,0x00000000d5a80000)
  from space 2560K, 87% used [0x00000000d5a80000,0x00000000d5cb2f90,0x00000000d5d00000)
  to   space 2560K, 0% used [0x00000000d5d00000,0x00000000d5d00000,0x00000000d5f80000)
 ParOldGen       total 1152512K, used 1152321K [0x0000000080000000, 0x00000000c6580000, 0x00000000d5580000)
  object space 1152512K, 99% used [0x0000000080000000,0x00000000c65506d0,0x00000000c6580000)
 Metaspace       used 102078K, committed 103872K, reserved 1179648K
  class space    used 10314K, committed 11136K, reserved 1048576K
}
Event: 18758.162 GC heap before
{Heap before GC invocations=3805 (full 10):
 PSYoungGen      total 7680K, used 7371K [0x00000000d5580000, 0x00000000d5f80000, 0x0000000100000000)
  eden space 5120K, 100% used [0x00000000d5580000,0x00000000d5a80000,0x00000000d5a80000)
  from space 2560K, 87% used [0x00000000d5a80000,0x00000000d5cb2f90,0x00000000d5d00000)
  to   space 2560K, 0% used [0x00000000d5d00000,0x00000000d5d00000,0x00000000d5f80000)
 ParOldGen       total 1152512K, used 1152321K [0x0000000080000000, 0x00000000c6580000, 0x00000000d5580000)
  object space 1152512K, 99% used [0x0000000080000000,0x00000000c65506d0,0x00000000c6580000)
 Metaspace       used 102078K, committed 103872K, reserved 1179648K
  class space    used 10314K, committed 11136K, reserved 1048576K
}
Event: 18758.163 GC heap after
{Heap after GC invocations=3805 (full 10):
 PSYoungGen      total 6144K, used 596K [0x00000000d5580000, 0x00000000d5e00000, 0x0000000100000000)
  eden space 5120K, 0% used [0x00000000d5580000,0x00000000d5580000,0x00000000d5a80000)
  from space 1024K, 58% used [0x00000000d5d00000,0x00000000d5d95200,0x00000000d5e00000)
  to   space 1536K, 0% used [0x00000000d5b00000,0x00000000d5b00000,0x00000000d5c80000)
 ParOldGen       total 1152512K, used 1152337K [0x0000000080000000, 0x00000000c6580000, 0x00000000d5580000)
  object space 1152512K, 99% used [0x0000000080000000,0x00000000c65546d0,0x00000000c6580000)
 Metaspace       used 102078K, committed 103872K, reserved 1179648K
  class space    used 10314K, committed 11136K, reserved 1048576K
}
Event: 18758.172 GC heap before
{Heap before GC invocations=3806 (full 10):
 PSYoungGen      total 6144K, used 5716K [0x00000000d5580000, 0x00000000d5e00000, 0x0000000100000000)
  eden space 5120K, 100% used [0x00000000d5580000,0x00000000d5a80000,0x00000000d5a80000)
  from space 1024K, 58% used [0x00000000d5d00000,0x00000000d5d95200,0x00000000d5e00000)
  to   space 1536K, 0% used [0x00000000d5b00000,0x00000000d5b00000,0x00000000d5c80000)
 ParOldGen       total 1152512K, used 1152337K [0x0000000080000000, 0x00000000c6580000, 0x00000000d5580000)
  object space 1152512K, 99% used [0x0000000080000000,0x00000000c65546d0,0x00000000c6580000)
 Metaspace       used 102078K, committed 103872K, reserved 1179648K
  class space    used 10314K, committed 11136K, reserved 1048576K
}
Event: 18758.174 GC heap after
{Heap after GC invocations=3806 (full 10):
 PSYoungGen      total 6656K, used 1515K [0x00000000d5580000, 0x00000000d6180000, 0x0000000100000000)
  eden space 5120K, 0% used [0x00000000d5580000,0x00000000d5580000,0x00000000d5a80000)
  from space 1536K, 98% used [0x00000000d5b00000,0x00000000d5c7af90,0x00000000d5c80000)
  to   space 3584K, 0% used [0x00000000d5e00000,0x00000000d5e00000,0x00000000d6180000)
 ParOldGen       total 1154048K, used 1153760K [0x0000000080000000, 0x00000000c6700000, 0x00000000d5580000)
  object space 1154048K, 99% used [0x0000000080000000,0x00000000c66b8368,0x00000000c6700000)
 Metaspace       used 102078K, committed 103872K, reserved 1179648K
  class space    used 10314K, committed 11136K, reserved 1048576K
}
Event: 18758.184 GC heap before
{Heap before GC invocations=3807 (full 10):
 PSYoungGen      total 6656K, used 6635K [0x00000000d5580000, 0x00000000d6180000, 0x0000000100000000)
  eden space 5120K, 100% used [0x00000000d5580000,0x00000000d5a80000,0x00000000d5a80000)
  from space 1536K, 98% used [0x00000000d5b00000,0x00000000d5c7af90,0x00000000d5c80000)
  to   space 3584K, 0% used [0x00000000d5e00000,0x00000000d5e00000,0x00000000d6180000)
 ParOldGen       total 1154048K, used 1153760K [0x0000000080000000, 0x00000000c6700000, 0x00000000d5580000)
  object space 1154048K, 99% used [0x0000000080000000,0x00000000c66b8368,0x00000000c6700000)
 Metaspace       used 102078K, committed 103872K, reserved 1179648K
  class space    used 10314K, committed 11136K, reserved 1048576K
}
Event: 18758.186 GC heap after
{Heap after GC invocations=3807 (full 10):
 PSYoungGen      total 8704K, used 3115K [0x00000000d5580000, 0x00000000d6180000, 0x0000000100000000)
  eden space 5120K, 0% used [0x00000000d5580000,0x00000000d5580000,0x00000000d5a80000)
  from space 3584K, 86% used [0x00000000d5e00000,0x00000000d610af90,0x00000000d6180000)
  to   space 3584K, 0% used [0x00000000d5a80000,0x00000000d5a80000,0x00000000d5e00000)
 ParOldGen       total 1154560K, used 1154111K [0x0000000080000000, 0x00000000c6780000, 0x00000000d5580000)
  object space 1154560K, 99% used [0x0000000080000000,0x00000000c670fe10,0x00000000c6780000)
 Metaspace       used 102078K, committed 103872K, reserved 1179648K
  class space    used 10314K, committed 11136K, reserved 1048576K
}
Event: 18816.618 GC heap before
{Heap before GC invocations=3808 (full 10):
 PSYoungGen      total 8704K, used 8235K [0x00000000d5580000, 0x00000000d6180000, 0x0000000100000000)
  eden space 5120K, 99% used [0x00000000d5580000,0x00000000d5a7fff0,0x00000000d5a80000)
  from space 3584K, 86% used [0x00000000d5e00000,0x00000000d610af90,0x00000000d6180000)
  to   space 3584K, 0% used [0x00000000d5a80000,0x00000000d5a80000,0x00000000d5e00000)
 ParOldGen       total 1154560K, used 1154111K [0x0000000080000000, 0x00000000c6780000, 0x00000000d5580000)
  object space 1154560K, 99% used [0x0000000080000000,0x00000000c670fe10,0x00000000c6780000)
 Metaspace       used 102189K, committed 104000K, reserved 1179648K
  class space    used 10330K, committed 11200K, reserved 1048576K
}
Event: 18816.621 GC heap after
{Heap after GC invocations=3808 (full 10):
 PSYoungGen      total 6144K, used 624K [0x00000000d5580000, 0x00000000d5e80000, 0x0000000100000000)
  eden space 5120K, 0% used [0x00000000d5580000,0x00000000d5580000,0x00000000d5a80000)
  from space 1024K, 60% used [0x00000000d5a80000,0x00000000d5b1c050,0x00000000d5b80000)
  to   space 2048K, 0% used [0x00000000d5c80000,0x00000000d5c80000,0x00000000d5e80000)
 ParOldGen       total 1154560K, used 1154135K [0x0000000080000000, 0x00000000c6780000, 0x00000000d5580000)
  object space 1154560K, 99% used [0x0000000080000000,0x00000000c6715e10,0x00000000c6780000)
 Metaspace       used 102189K, committed 104000K, reserved 1179648K
  class space    used 10330K, committed 11200K, reserved 1048576K
}

